{
  level: 'info',
  message: 'Refresh token successfully pulled',
  timestamp: '2020-06-23 04:19:38 PM'
}
{
  level: 'info',
  message: 'Refresh token successfully pulled',
  timestamp: '2020-06-23 04:19:52 PM'
}
{
  level: 'info',
  message: 'Account ID successfully retrieved',
  timestamp: '2020-06-23 04:19:52 PM'
}
{
  level: 'info',
  message: 'Refresh token successfully pulled',
  timestamp: '2020-06-23 04:19:53 PM'
}
{
  level: 'info',
  message: 'Refresh token successfully pulled',
  timestamp: '2020-06-23 04:24:46 PM'
}
{
  level: 'info',
  message: 'Refresh token successfully pulled',
  timestamp: '2020-06-23 04:24:46 PM'
}
{
  level: 'info',
  message: 'Account ID successfully retrieved',
  timestamp: '2020-06-23 04:24:46 PM'
}
{
  level: 'info',
  message: 'Refresh token successfully pulled',
  timestamp: '2020-06-23 04:29:22 PM'
}
{
  level: 'info',
  message: 'Refresh token successfully pulled',
  timestamp: '2020-06-23 04:29:23 PM'
}
{
  level: 'info',
  message: 'Account ID successfully retrieved',
  timestamp: '2020-06-23 04:29:23 PM'
}
{
  level: 'info',
  message: 'Refresh token successfully pulled',
  timestamp: '2020-06-23 04:32:00 PM'
}
{
  level: 'info',
  message: 'Refresh token successfully pulled',
  timestamp: '2020-06-23 04:32:38 PM'
}
{
  level: 'info',
  message: 'Refresh token successfully pulled',
  timestamp: '2020-06-23 04:36:34 PM'
}
{
  level: 'info',
  message: 'Refresh token successfully pulled',
  timestamp: '2020-06-23 04:38:10 PM'
}
{
  level: 'info',
  message: 'Refresh token successfully pulled',
  timestamp: '2020-06-23 04:39:08 PM'
}
{
  level: 'info',
  message: 'Refresh token successfully pulled',
  timestamp: '2020-06-23 04:40:30 PM'
}
{
  level: 'info',
  message: 'Refresh token successfully pulled',
  timestamp: '2020-06-23 04:41:47 PM'
}
{
  level: 'info',
  message: 'Refresh token successfully pulled',
  timestamp: '2020-06-23 04:45:41 PM'
}
{
  level: 'info',
  message: 'Refresh token successfully pulled',
  timestamp: '2020-06-23 04:46:34 PM'
}
{
  level: 'info',
  message: 'Refresh token successfully pulled',
  timestamp: '2020-06-23 04:47:28 PM'
}
{
  level: 'info',
  message: 'Refresh token successfully pulled',
  timestamp: '2020-06-23 04:47:48 PM'
}
{
  level: 'info',
  message: 'Refresh token successfully pulled',
  timestamp: '2020-06-23 04:59:08 PM'
}
{
  level: 'info',
  message: 'Refresh token successfully pulled',
  timestamp: '2020-06-23 05:03:40 PM'
}
{
  level: 'info',
  message: 'Refresh token successfully pulled',
  timestamp: '2020-06-23 05:04:07 PM'
}
{
  level: 'info',
  message: 'Refresh token successfully pulled',
  timestamp: '2020-06-23 05:04:07 PM'
}
{
  level: 'info',
  message: 'Account ID successfully retrieved',
  timestamp: '2020-06-23 05:04:07 PM'
}
{
  level: 'info',
  message: 'Refresh token successfully pulled',
  timestamp: '2020-06-23 05:08:01 PM'
}
{
  level: 'info',
  message: 'Refresh token successfully pulled',
  timestamp: '2020-06-23 05:10:09 PM'
}
{
  level: 'info',
  message: 'Account ID successfully retrieved',
  timestamp: '2020-06-23 05:10:10 PM'
}
{
  level: 'info',
  message: 'Refresh token successfully pulled',
  timestamp: '2020-06-23 05:12:30 PM'
}
{
  level: 'info',
  message: 'Account ID successfully retrieved',
  timestamp: '2020-06-23 05:12:31 PM'
}
{
  level: 'info',
  message: 'Refresh token successfully pulled',
  timestamp: '2020-06-23 05:25:40 PM'
}
{
  level: 'info',
  message: 'Account ID successfully retrieved',
  timestamp: '2020-06-23 05:25:41 PM'
}
{
  level: 'info',
  message: 'Refresh token successfully pulled',
  timestamp: '2020-06-23 06:19:09 PM'
}
{
  level: 'info',
  message: 'Account ID successfully retrieved',
  timestamp: '2020-06-23 06:19:10 PM'
}
{
  level: 'info',
  message: 'Refresh token successfully pulled',
  timestamp: '2020-06-23 06:21:31 PM'
}
{
  level: 'info',
  message: 'Account ID successfully retrieved',
  timestamp: '2020-06-23 06:21:31 PM'
}
{
  level: 'info',
  message: 'Refresh token successfully pulled',
  timestamp: '2020-06-23 06:46:02 PM'
}
{
  level: 'info',
  message: 'Account ID successfully retrieved',
  timestamp: '2020-06-23 06:46:03 PM'
}
{
  level: 'info',
  message: 'Refresh token successfully pulled',
  timestamp: '2020-06-23 07:12:05 PM'
}
{
  level: 'info',
  message: 'Account ID successfully retrieved',
  timestamp: '2020-06-23 07:12:05 PM'
}
